[debug] [2024-11-28T01:22:02.858Z] ----------------------------------------------------------------------
[debug] [2024-11-28T01:22:02.861Z] Command:       C:\Program Files\nodejs\node.exe C:\Users\Facu y Carla\AppData\Roaming\npm\node_modules\firebase-tools\lib\bin\firebase.js init storage
[debug] [2024-11-28T01:22:02.862Z] CLI Version:   13.27.0
[debug] [2024-11-28T01:22:02.862Z] Platform:      win32
[debug] [2024-11-28T01:22:02.862Z] Node Version:  v20.12.2
[debug] [2024-11-28T01:22:02.862Z] Time:          Wed Nov 27 2024 22:22:02 GMT-0300 (hora estándar de Argentina)
[debug] [2024-11-28T01:22:02.862Z] ----------------------------------------------------------------------
[debug] 
[debug] [2024-11-28T01:22:02.866Z] >>> [apiv2][query] GET https://firebase-public.firebaseio.com/cli.json [none]
[debug] [2024-11-28T01:22:02.920Z] > command requires scopes: ["email","openid","https://www.googleapis.com/auth/cloudplatformprojects.readonly","https://www.googleapis.com/auth/firebase","https://www.googleapis.com/auth/cloud-platform"]
[debug] [2024-11-28T01:22:02.921Z] > authorizing via signed-in user (matias@copilotinnovations.com)
[info] 
     ######## #### ########  ######## ########     ###     ######  ########
     ##        ##  ##     ## ##       ##     ##  ##   ##  ##       ##
     ######    ##  ########  ######   ########  #########  ######  ######
     ##        ##  ##    ##  ##       ##     ## ##     ##       ## ##
     ##       #### ##     ## ######## ########  ##     ##  ######  ########

You're about to initialize a Firebase project in this directory:

  C:\Users\Facu y Carla\Desktop\Nueva carpeta\pdf-printer

[debug] [2024-11-28T01:22:03.327Z] <<< [apiv2][status] GET https://firebase-public.firebaseio.com/cli.json 200
[debug] [2024-11-28T01:22:03.327Z] <<< [apiv2][body] GET https://firebase-public.firebaseio.com/cli.json {"cloudBuildErrorAfter":1594252800000,"cloudBuildWarnAfter":1590019200000,"defaultNode10After":1594252800000,"minVersion":"3.0.5","node8DeploysDisabledAfter":1613390400000,"node8RuntimeDisabledAfter":1615809600000,"node8WarnAfter":1600128000000}
[info] 
=== Project Setup
[info] 
[info] First, let's associate this project directory with a Firebase project.
[info] You can create multiple project aliases by running firebase use --add, 
[info] but for now we'll just set up a default project.
[info] 
[debug] [2024-11-28T01:22:08.287Z] Checked if tokens are valid: false, expires at: 1728587665403
[debug] [2024-11-28T01:22:08.287Z] Checked if tokens are valid: false, expires at: 1728587665403
[debug] [2024-11-28T01:22:08.287Z] > refreshing access token with scopes: []
[debug] [2024-11-28T01:22:08.288Z] >>> [apiv2][query] POST https://www.googleapis.com/oauth2/v3/token [none]
[debug] [2024-11-28T01:22:08.288Z] >>> [apiv2][body] POST https://www.googleapis.com/oauth2/v3/token [omitted]
[debug] [2024-11-28T01:22:08.568Z] <<< [apiv2][status] POST https://www.googleapis.com/oauth2/v3/token 400
[debug] [2024-11-28T01:22:08.568Z] <<< [apiv2][body] POST https://www.googleapis.com/oauth2/v3/token [omitted]
[error] Authentication Error: Your credentials are no longer valid. Please run firebase login --reauth

For CI servers and headless environments, generate a new token with firebase login:ci
[error] Authentication Error: Your credentials are no longer valid. Please run firebase login --reauth

For CI servers and headless environments, generate a new token with firebase login:ci
[debug] [2024-11-28T01:22:08.570Z] Authentication Error: Your credentials are no longer valid. Please run firebase login --reauth

For CI servers and headless environments, generate a new token with firebase login:ci
[debug] [2024-11-28T01:22:08.643Z] FirebaseError: Authentication Error: Your credentials are no longer valid. Please run firebase login --reauth

For CI servers and headless environments, generate a new token with firebase login:ci
    at invalidCredentialError (C:\Users\Facu y Carla\AppData\Roaming\npm\node_modules\firebase-tools\lib\auth.js:147:12)
    at refreshTokens (C:\Users\Facu y Carla\AppData\Roaming\npm\node_modules\firebase-tools\lib\auth.js:529:15)
    at process.processTicksAndRejections (node:internal/process/task_queues:95:5)
    at async getAccessToken (C:\Users\Facu y Carla\AppData\Roaming\npm\node_modules\firebase-tools\lib\apiv2.js:42:18)
    at async Client.addAuthHeader (C:\Users\Facu y Carla\AppData\Roaming\npm\node_modules\firebase-tools\lib\apiv2.js:169:21)
    at async Client.request (C:\Users\Facu y Carla\AppData\Roaming\npm\node_modules\firebase-tools\lib\apiv2.js:120:34)
    at async getProjectPage (C:\Users\Facu y Carla\AppData\Roaming\npm\node_modules\firebase-tools\lib\management\projects.js:243:17)
    at async getFirebaseProjectPage (C:\Users\Facu y Carla\AppData\Roaming\npm\node_modules\firebase-tools\lib\management\projects.js:260:23)
    at async selectProjectInteractively (C:\Users\Facu y Carla\AppData\Roaming\npm\node_modules\firebase-tools\lib\management\projects.js:100:41)
    at async doSetup (C:\Users\Facu y Carla\AppData\Roaming\npm\node_modules\firebase-tools\lib\init\features\project.js:89:27)
[error] 
[error] Error: Failed to list Firebase projects. See firebase-debug.log for more info.
